#
# There is insufficient memory for the Java Runtime Environment to continue.
# Native memory allocation (malloc) failed to allocate 1048576 bytes for AllocateHeap
# Possible reasons:
#   The system is out of physical RAM or swap space
#   In 32 bit mode, the process size limit was hit
# Possible solutions:
#   Reduce memory load on the system
#   Increase physical memory or swap space
#   Check if swap backing store is full
#   Use 64 bit Java on a 64 bit OS
#   Decrease Java heap size (-Xmx/-Xms)
#   Decrease number of Java threads
#   Decrease Java thread stack sizes (-Xss)
#   Set larger code cache with -XX:ReservedCodeCacheSize=
# This output file may be truncated or incomplete.
#
#  Out of Memory Error (memory/allocation.inline.hpp:61), pid=7388, tid=7428
#
# JRE version:  (7.0_79-b15) (build )
# Java VM: Java HotSpot(TM) 64-Bit Server VM (24.79-b02 mixed mode windows-amd64 compressed oops)
# Failed to write core dump. Minidumps are not enabled by default on client versions of Windows
#

---------------  T H R E A D  ---------------

Current thread (0x0000000001dc0800):  JavaThread "Unknown thread" [_thread_in_vm, id=7428, stack(0x0000000001c10000,0x0000000001d10000)]

Stack: [0x0000000001c10000,0x0000000001d10000]

---------------  P R O C E S S  ---------------

Java Threads: ( => current thread )

Other Threads:

=>0x0000000001dc0800 (exited) JavaThread "Unknown thread" [_thread_in_vm, id=7428, stack(0x0000000001c10000,0x0000000001d10000)]

VM state:not at safepoint (normal execution)

VM Mutex/Monitor currently owned by a thread: None

Heap
 PSYoungGen      total 33280K, used 573K [0x00000000eaa80000, 0x00000000ecf80000, 0x0000000100000000)
  eden space 28672K, 2% used [0x00000000eaa80000,0x00000000eab0f618,0x00000000ec680000)
  from space 4608K, 0% used [0x00000000ecb00000,0x00000000ecb00000,0x00000000ecf80000)
  to   space 4608K, 0% used [0x00000000ec680000,0x00000000ec680000,0x00000000ecb00000)
 ParOldGen       total 75776K, used 0K [0x00000000c0000000, 0x00000000c4a00000, 0x00000000eaa80000)
  object space 75776K, 0% used [0x00000000c0000000,0x00000000c0000000,0x00000000c4a00000)
 PSPermGen       total 21504K, used 697K [0x00000000bae00000, 0x00000000bc300000, 0x00000000c0000000)
  object space 21504K, 3% used [0x00000000bae00000,0x00000000baeae588,0x00000000bc300000)

Card table byte_map: [0x0000000004f80000,0x00000000051b0000] byte_map_base: 0x00000000049a9000

Polling page: 0x00000000003b0000

Code Cache  [0x0000000001ec0000, 0x0000000002130000, 0x0000000004ec0000)
 total_blobs=38 nmethods=0 adapters=20 free_code_cache=48889Kb largest_free_block=50062528

Compilation events (0 events):
No events

GC Heap History (0 events):
No events

Deoptimization events (0 events):
No events

Internal exceptions (0 events):
No events

Events (10 events):
Event: 0.455 loading class 0x0000000001e05400
Event: 0.455 loading class 0x0000000001e05400 done
Event: 0.455 loading class 0x0000000001e05450
Event: 0.455 loading class 0x0000000001e05450 done
Event: 0.455 loading class 0x0000000001e054a0
Event: 0.455 loading class 0x0000000001e054a0 done
Event: 0.455 loading class 0x0000000001e06220
Event: 0.455 loading class 0x0000000001e06220 done
Event: 0.455 loading class 0x0000000001e05e40
Event: 0.455 loading class 0x0000000001e05e40 done


Dynamic libraries:
0x00007ff70d790000 - 0x00007ff70d7c3000 	C:\Program Files\Java\jdk1.7.0_79\bin\java.exe
0x00007ff85cf00000 - 0x00007ff85d0ad000 	C:\Windows\SYSTEM32\ntdll.dll
0x00007ff85a650000 - 0x00007ff85a78e000 	C:\Windows\system32\KERNEL32.DLL
0x00007ff85a2e0000 - 0x00007ff85a3f5000 	C:\Windows\system32\KERNELBASE.dll
0x00007ff858c00000 - 0x00007ff858c8e000 	C:\Windows\system32\apphelp.dll
0x00007ff840060000 - 0x00007ff8400b3000 	C:\Windows\AppPatch\AppPatch64\AcGenral.DLL
0x00007ff85a5a0000 - 0x00007ff85a64a000 	C:\Windows\system32\msvcrt.dll
0x00007ff85a560000 - 0x00007ff85a58e000 	C:\Windows\system32\SspiCli.dll
0x00007ff85a790000 - 0x00007ff85a7e4000 	C:\Windows\system32\SHLWAPI.dll
0x00007ff85c7b0000 - 0x00007ff85c927000 	C:\Windows\system32\USER32.dll
0x00007ff85ca60000 - 0x00007ff85cbf4000 	C:\Windows\system32\ole32.dll
0x00007ff85ada0000 - 0x00007ff85c2c9000 	C:\Windows\system32\SHELL32.dll
0x00007ff859600000 - 0x00007ff859621000 	C:\Windows\SYSTEM32\USERENV.dll
0x00007ff85c4f0000 - 0x00007ff85c59a000 	C:\Windows\system32\ADVAPI32.dll
0x00007ff850940000 - 0x00007ff85095e000 	C:\Windows\SYSTEM32\MPR.dll
0x00007ff85aa50000 - 0x00007ff85ab90000 	C:\Windows\system32\RPCRT4.dll
0x00007ff85cea0000 - 0x00007ff85cef9000 	C:\Windows\SYSTEM32\sechost.dll
0x00007ff85c2d0000 - 0x00007ff85c4e1000 	C:\Windows\SYSTEM32\combase.dll
0x00007ff85c5a0000 - 0x00007ff85c6ef000 	C:\Windows\system32\GDI32.dll
0x00007ff85a030000 - 0x00007ff85a045000 	C:\Windows\SYSTEM32\profapi.dll
0x00007ff858840000 - 0x00007ff8588f2000 	C:\Windows\SYSTEM32\SHCORE.dll
0x00007ff85cdf0000 - 0x00007ff85ce26000 	C:\Windows\system32\IMM32.DLL
0x00007ff85a800000 - 0x00007ff85a952000 	C:\Windows\system32\MSCTF.dll
0x00007ff858130000 - 0x00007ff8583ab000 	C:\Windows\WinSxS\amd64_microsoft.windows.common-controls_6595b64144ccf1df_6.0.9600.18006_none_623f33d3ecbe86e8\COMCTL32.dll
0x0000000074e60000 - 0x0000000074f32000 	C:\Program Files\Java\jdk1.7.0_79\jre\bin\msvcr100.dll
0x0000000077720000 - 0x0000000077ef5000 	C:\Program Files\Java\jdk1.7.0_79\jre\bin\server\jvm.dll
0x00007ff857cc0000 - 0x00007ff857cc9000 	C:\Windows\SYSTEM32\WSOCK32.dll
0x00007ff857d10000 - 0x00007ff857d32000 	C:\Windows\SYSTEM32\WINMM.dll
0x00007ff85aa40000 - 0x00007ff85aa47000 	C:\Windows\system32\PSAPI.DLL
0x00007ff85ab90000 - 0x00007ff85abea000 	C:\Windows\system32\WS2_32.dll
0x00007ff857cd0000 - 0x00007ff857cfa000 	C:\Windows\SYSTEM32\WINMMBASE.dll
0x00007ff85cde0000 - 0x00007ff85cde9000 	C:\Windows\system32\NSI.dll
0x00007ff85a510000 - 0x00007ff85a55f000 	C:\Windows\SYSTEM32\cfgmgr32.dll
0x00007ff858e60000 - 0x00007ff858e88000 	C:\Windows\SYSTEM32\DEVOBJ.dll
0x0000000050560000 - 0x000000005056f000 	C:\Program Files\Java\jdk1.7.0_79\jre\bin\verify.dll
0x0000000050530000 - 0x0000000050558000 	C:\Program Files\Java\jdk1.7.0_79\jre\bin\java.dll
0x0000000077620000 - 0x0000000077635000 	C:\Program Files\Java\jdk1.7.0_79\jre\bin\zip.dll

VM Arguments:
jvm_args: -Djava.awt.headless=true -Xmx1024M -Dfile.encoding=windows-1252 -Duser.country=US -Duser.language=en -Duser.variant 
java_command: com.android.dx.command.Main --dex --force-jumbo --num-threads=4 --multi-dex --output C:\Users\Marce\AndroidStudioProjects\YararaConfigTool\app\build\intermediates\transforms\dex\debug\folders\1000\10\com.google.firebase-firebase-analytics-9.0.0_2f0c209f52c8541313d66c7a5bb2a4fe7955d2ee C:\Users\Marce\AndroidStudioProjects\YararaConfigTool\app\build\intermediates\exploded-aar\com.google.firebase\firebase-analytics\9.0.0\jars\classes.jar
Launcher Type: SUN_STANDARD

Environment Variables:
PATH=C:\Windows\system32;C:\Windows;C:\Windows\System32\Wbem;C:\Windows\System32\WindowsPowerShell\v1.0\;C:\Program Files\Git\cmd
USERNAME=La Popa
OS=Windows_NT
PROCESSOR_IDENTIFIER=Intel64 Family 6 Model 60 Stepping 3, GenuineIntel



---------------  S Y S T E M  ---------------

OS: Windows 8.1 , 64 bit Build 9600 

CPU:total 4 (4 cores per cpu, 1 threads per core) family 6 model 60 stepping 3, cmov, cx8, fxsr, mmx, sse, sse2, sse3, ssse3, sse4.1, sse4.2, popcnt, avx, avx2, aes, erms, tsc, tscinvbit

Memory: 4k page, physical 7268200k(983388k free), swap 10413928k(5056k free)

vm_info: Java HotSpot(TM) 64-Bit Server VM (24.79-b02) for windows-amd64 JRE (1.7.0_79-b15), built on Apr 10 2015 12:36:16 by "java_re" with unknown MS VC++:1600

time: Sun Aug 21 11:46:52 2016
elapsed time: 0 seconds

