#
# There is insufficient memory for the Java Runtime Environment to continue.
# Native memory allocation (malloc) failed to allocate 950096 bytes for Chunk::new
# Possible reasons:
#   The system is out of physical RAM or swap space
#   In 32 bit mode, the process size limit was hit
# Possible solutions:
#   Reduce memory load on the system
#   Increase physical memory or swap space
#   Check if swap backing store is full
#   Use 64 bit Java on a 64 bit OS
#   Decrease Java heap size (-Xmx/-Xms)
#   Decrease number of Java threads
#   Decrease Java thread stack sizes (-Xss)
#   Set larger code cache with -XX:ReservedCodeCacheSize=
# This output file may be truncated or incomplete.
#
#  Out of Memory Error (allocation.cpp:323), pid=7252, tid=7336
#
# JRE version: Java(TM) SE Runtime Environment (7.0_79-b15) (build 1.7.0_79-b15)
# Java VM: Java HotSpot(TM) 64-Bit Server VM (24.79-b02 mixed mode windows-amd64 compressed oops)
# Failed to write core dump. Minidumps are not enabled by default on client versions of Windows
#

---------------  T H R E A D  ---------------

Current thread (0x0000000008b9c000):  JavaThread "C2 CompilerThread0" daemon [_thread_in_native, id=7336, stack(0x000000000a100000,0x000000000a200000)]

Stack: [0x000000000a100000,0x000000000a200000]

Current CompileTask:
C2:   2322  360             com.android.dx.ssa.DeadCodeRemover::run (194 bytes)


---------------  P R O C E S S  ---------------

Java Threads: ( => current thread )
  0x000000000a6f3800 JavaThread "pool-2-thread-4" [_thread_in_Java, id=7380, stack(0x000000000ad00000,0x000000000ae00000)]
  0x000000000a6ee800 JavaThread "pool-2-thread-3" [_thread_in_Java, id=7376, stack(0x000000000ac00000,0x000000000ad00000)]
  0x000000000a6e2800 JavaThread "pool-2-thread-2" [_thread_in_Java, id=7372, stack(0x000000000ab00000,0x000000000ac00000)]
  0x000000000a6de800 JavaThread "pool-3-thread-1" [_thread_blocked, id=7368, stack(0x000000000aa00000,0x000000000ab00000)]
  0x0000000008bdb800 JavaThread "pool-2-thread-1" [_thread_in_Java, id=7364, stack(0x000000000a900000,0x000000000aa00000)]
  0x0000000008ba0800 JavaThread "Service Thread" daemon [_thread_blocked, id=7344, stack(0x000000000a300000,0x000000000a400000)]
  0x0000000008b9d800 JavaThread "C2 CompilerThread1" daemon [_thread_in_native, id=7340, stack(0x000000000a200000,0x000000000a300000)]
=>0x0000000008b9c000 JavaThread "C2 CompilerThread0" daemon [_thread_in_native, id=7336, stack(0x000000000a100000,0x000000000a200000)]
  0x0000000008b9b000 JavaThread "Attach Listener" daemon [_thread_blocked, id=7332, stack(0x000000000a000000,0x000000000a100000)]
  0x0000000008b97800 JavaThread "Signal Dispatcher" daemon [_thread_blocked, id=7328, stack(0x0000000009f00000,0x000000000a000000)]
  0x0000000008b5e000 JavaThread "Finalizer" daemon [_thread_blocked, id=7324, stack(0x0000000009e00000,0x0000000009f00000)]
  0x0000000008b55000 JavaThread "Reference Handler" daemon [_thread_blocked, id=7320, stack(0x0000000009d00000,0x0000000009e00000)]
  0x0000000002c00800 JavaThread "main" [_thread_in_Java, id=7296, stack(0x0000000002ab0000,0x0000000002bb0000)]

Other Threads:
  0x0000000008b50000 VMThread [stack: 0x0000000009c00000,0x0000000009d00000] [id=7316]
  0x0000000008baf000 WatcherThread [stack: 0x000000000a400000,0x000000000a500000] [id=7348]

VM state:not at safepoint (normal execution)

VM Mutex/Monitor currently owned by a thread: None

Heap
 PSYoungGen      total 61952K, used 30239K [0x00000000eaa80000, 0x00000000eeb80000, 0x0000000100000000)
  eden space 57344K, 44% used [0x00000000eaa80000,0x00000000ec38e258,0x00000000ee280000)
  from space 4608K, 99% used [0x00000000ee700000,0x00000000eeb79ba8,0x00000000eeb80000)
  to   space 4608K, 0% used [0x00000000ee280000,0x00000000ee280000,0x00000000ee700000)
 ParOldGen       total 75776K, used 5822K [0x00000000c0000000, 0x00000000c4a00000, 0x00000000eaa80000)
  object space 75776K, 7% used [0x00000000c0000000,0x00000000c05af800,0x00000000c4a00000)
 PSPermGen       total 21504K, used 5842K [0x00000000bae00000, 0x00000000bc300000, 0x00000000c0000000)
  object space 21504K, 27% used [0x00000000bae00000,0x00000000bb3b4bd0,0x00000000bc300000)

Card table byte_map: [0x0000000005dc0000,0x0000000005ff0000] byte_map_base: 0x00000000057e9000

Polling page: 0x0000000001320000

Code Cache  [0x0000000002d00000, 0x0000000002f70000, 0x0000000005d00000)
 total_blobs=603 nmethods=366 adapters=189 free_code_cache=47625Kb largest_free_block=48723968

Compilation events (10 events):
Event: 2.240 Thread 0x0000000008b9c000 nmethod 356 0x0000000002e70390 code [0x0000000002e704e0, 0x0000000002e706f8]
Event: 2.240 Thread 0x0000000008b9c000  357             com.android.dx.ssa.back.LivenessAnalyzer::coInterferePhis (128 bytes)
Event: 2.243 Thread 0x0000000008b9d800 nmethod 341 0x0000000002e75150 code [0x0000000002e756a0, 0x0000000002e77c50]
Event: 2.243 Thread 0x0000000008b9d800  358             com.android.dx.ssa.SsaRenamer::setNameForSsaReg (54 bytes)
Event: 2.247 Thread 0x0000000008b9d800 nmethod 358 0x0000000002e6f2d0 code [0x0000000002e6f460, 0x0000000002e6f850]
Event: 2.247 Thread 0x0000000008b9d800  359             com.android.dx.ssa.SsaRenamer$BlockRenamer::updateSuccessorPhis (64 bytes)
Event: 2.249 Thread 0x0000000008b9c000 nmethod 357 0x0000000002e71dd0 code [0x0000000002e71fa0, 0x0000000002e726e8]
Event: 2.249 Thread 0x0000000008b9c000  360             com.android.dx.ssa.DeadCodeRemover::run (194 bytes)
Event: 2.257 Thread 0x0000000008b9d800 nmethod 359 0x0000000002e7a8d0 code [0x0000000002e7aa60, 0x0000000002e7b188]
Event: 2.257 Thread 0x0000000008b9d800  361             com.android.dx.ssa.SsaMethod::makeExitBlock (134 bytes)

GC Heap History (4 events):
Event: 1.541 GC heap before
{Heap before GC invocations=1 (full 0):
 PSYoungGen      total 33280K, used 28672K [0x00000000eaa80000, 0x00000000ecf80000, 0x0000000100000000)
  eden space 28672K, 100% used [0x00000000eaa80000,0x00000000ec680000,0x00000000ec680000)
  from space 4608K, 0% used [0x00000000ecb00000,0x00000000ecb00000,0x00000000ecf80000)
  to   space 4608K, 0% used [0x00000000ec680000,0x00000000ec680000,0x00000000ecb00000)
 ParOldGen       total 75776K, used 0K [0x00000000c0000000, 0x00000000c4a00000, 0x00000000eaa80000)
  object space 75776K, 0% used [0x00000000c0000000,0x00000000c0000000,0x00000000c4a00000)
 PSPermGen       total 21504K, used 5718K [0x00000000bae00000, 0x00000000bc300000, 0x00000000c0000000)
  object space 21504K, 26% used [0x00000000bae00000,0x00000000bb395b00,0x00000000bc300000)
Event: 1.562 GC heap after
Heap after GC invocations=1 (full 0):
 PSYoungGen      total 33280K, used 4603K [0x00000000eaa80000, 0x00000000eeb80000, 0x0000000100000000)
  eden space 28672K, 0% used [0x00000000eaa80000,0x00000000eaa80000,0x00000000ec680000)
  from space 4608K, 99% used [0x00000000ec680000,0x00000000ecafec08,0x00000000ecb00000)
  to   space 4608K, 0% used [0x00000000ee700000,0x00000000ee700000,0x00000000eeb80000)
 ParOldGen       total 75776K, used 1714K [0x00000000c0000000, 0x00000000c4a00000, 0x00000000eaa80000)
  object space 75776K, 2% used [0x00000000c0000000,0x00000000c01ac850,0x00000000c4a00000)
 PSPermGen       total 21504K, used 5718K [0x00000000bae00000, 0x00000000bc300000, 0x00000000c0000000)
  object space 21504K, 26% used [0x00000000bae00000,0x00000000bb395b00,0x00000000bc300000)
}
Event: 2.083 GC heap before
{Heap before GC invocations=2 (full 0):
 PSYoungGen      total 33280K, used 33275K [0x00000000eaa80000, 0x00000000eeb80000, 0x0000000100000000)
  eden space 28672K, 100% used [0x00000000eaa80000,0x00000000ec680000,0x00000000ec680000)
  from space 4608K, 99% used [0x00000000ec680000,0x00000000ecafec08,0x00000000ecb00000)
  to   space 4608K, 0% used [0x00000000ee700000,0x00000000ee700000,0x00000000eeb80000)
 ParOldGen       total 75776K, used 1714K [0x00000000c0000000, 0x00000000c4a00000, 0x00000000eaa80000)
  object space 75776K, 2% used [0x00000000c0000000,0x00000000c01ac850,0x00000000c4a00000)
 PSPermGen       total 21504K, used 5808K [0x00000000bae00000, 0x00000000bc300000, 0x00000000c0000000)
  object space 21504K, 27% used [0x00000000bae00000,0x00000000bb3ac2a8,0x00000000bc300000)
Event: 2.115 GC heap after
Heap after GC invocations=2 (full 0):
 PSYoungGen      total 61952K, used 4582K [0x00000000eaa80000, 0x00000000eeb80000, 0x0000000100000000)
  eden space 57344K, 0% used [0x00000000eaa80000,0x00000000eaa80000,0x00000000ee280000)
  from space 4608K, 99% used [0x00000000ee700000,0x00000000eeb79ba8,0x00000000eeb80000)
  to   space 4608K, 0% used [0x00000000ee280000,0x00000000ee280000,0x00000000ee700000)
 ParOldGen       total 75776K, used 5822K [0x00000000c0000000, 0x00000000c4a00000, 0x00000000eaa80000)
  object space 75776K, 7% used [0x00000000c0000000,0x00000000c05af800,0x00000000c4a00000)
 PSPermGen       total 21504K, used 5808K [0x00000000bae00000, 0x00000000bc300000, 0x00000000c0000000)
  object space 21504K, 27% used [0x00000000bae00000,0x00000000bb3ac2a8,0x00000000bc300000)
}

Deoptimization events (10 events):
Event: 1.781 Thread 0x000000000a6ee800 Uncommon trap: reason=bimorphic action=maybe_recompile pc=0x0000000002de7e78 method=com.android.dx.ssa.NormalSsaInsn.accept(Lcom/android/dx/ssa/SsaInsn$Visitor;)V @ 9
Event: 1.781 Thread 0x000000000a6ee800 Uncommon trap: reason=bimorphic action=maybe_recompile pc=0x0000000002de7e78 method=com.android.dx.ssa.NormalSsaInsn.accept(Lcom/android/dx/ssa/SsaInsn$Visitor;)V @ 9
Event: 1.781 Thread 0x000000000a6ee800 Uncommon trap: reason=bimorphic action=maybe_recompile pc=0x0000000002df3250 method=com.android.dx.ssa.NormalSsaInsn.accept(Lcom/android/dx/ssa/SsaInsn$Visitor;)V @ 9
Event: 1.896 Thread 0x000000000a6e2800 Uncommon trap: reason=unreached action=reinterpret pc=0x0000000002e11f3c method=com.android.dx.ssa.SsaRenamer$BlockRenamer.process()V @ 90
Event: 2.135 Thread 0x000000000a6e2800 Uncommon trap: reason=unreached action=reinterpret pc=0x0000000002d87384 method=com.android.dx.rop.cst.Constant.compareTo(Lcom/android/dx/rop/cst/Constant;)I @ 12
Event: 2.136 Thread 0x0000000008bdb800 Uncommon trap: reason=uninitialized action=reinterpret pc=0x0000000002e40588 method=com.android.dx.cf.code.BytecodeArray.parseInstruction(ILcom/android/dx/cf/code/BytecodeArray$Visitor;)I @ 1095
Event: 2.140 Thread 0x0000000008bdb800 Uncommon trap: reason=class_check action=maybe_recompile pc=0x0000000002dd3070 method=java.util.HashMap.put(Ljava/lang/Object;Ljava/lang/Object;)Ljava/lang/Object; @ 83
Event: 2.140 Thread 0x0000000008bdb800 Uncommon trap: reason=class_check action=maybe_recompile pc=0x0000000002dd3070 method=java.util.HashMap.put(Ljava/lang/Object;Ljava/lang/Object;)Ljava/lang/Object; @ 83
Event: 2.140 Thread 0x0000000008bdb800 Uncommon trap: reason=class_check action=maybe_recompile pc=0x0000000002dd3070 method=java.util.HashMap.put(Ljava/lang/Object;Ljava/lang/Object;)Ljava/lang/Object; @ 83
Event: 2.140 Thread 0x0000000008bdb800 Uncommon trap: reason=class_check action=maybe_recompile pc=0x0000000002dd3070 method=java.util.HashMap.put(Ljava/lang/Object;Ljava/lang/Object;)Ljava/lang/Object; @ 83

Internal exceptions (10 events):
Event: 1.254 Thread 0x0000000008bdb800 Threw 0x00000000eb8caf00 at C:\re\jdk7u79\2331\hotspot\src\share\vm\prims\jvm.cpp:1304
Event: 1.307 Thread 0x0000000002c00800 Threw 0x00000000ebe786b0 at C:\re\jdk7u79\2331\hotspot\src\share\vm\prims\jvm.cpp:1304
Event: 1.313 Thread 0x000000000a6f3800 Threw 0x00000000ebb91808 at C:\re\jdk7u79\2331\hotspot\src\share\vm\prims\jvm.cpp:1304
Event: 1.332 Thread 0x000000000a6f3800 Threw 0x00000000ebfc92d8 at C:\re\jdk7u79\2331\hotspot\src\share\vm\prims\jvm.cpp:1304
Event: 1.339 Thread 0x0000000002c00800 Threw 0x00000000ec06bc38 at C:\re\jdk7u79\2331\hotspot\src\share\vm\prims\jvm.cpp:1304
Event: 1.349 Thread 0x0000000008bdb800 Threw 0x00000000ec10b538 at C:\re\jdk7u79\2331\hotspot\src\share\vm\prims\jvm.cpp:1304
Event: 1.606 Thread 0x0000000008bdb800 Implicit null exception at 0x0000000002dc0b12 to 0x0000000002dc0c05
Event: 1.647 Thread 0x0000000002c00800 Threw 0x00000000eabbd300 at C:\re\jdk7u79\2331\hotspot\src\share\vm\prims\jvm.cpp:1304
Event: 1.658 Thread 0x0000000002c00800 Implicit null exception at 0x0000000002dd0077 to 0x0000000002dd0755
Event: 1.755 Thread 0x000000000a6ee800 Implicit null exception at 0x0000000002dbaa0d to 0x0000000002dbbbed

Events (10 events):
Event: 2.140 Thread 0x0000000008bdb800 DEOPT UNPACKING pc=0x0000000002d375a4 sp=0x000000000a9fe968 mode 2
Event: 2.140 Thread 0x0000000008bdb800 Uncommon trap: trap_request=0xffffffde fr.pc=0x0000000002dd3070
Event: 2.140 Thread 0x0000000008bdb800 DEOPT PACKING pc=0x0000000002dd3070 sp=0x000000000a9fe9c0
Event: 2.140 Thread 0x0000000008bdb800 DEOPT UNPACKING pc=0x0000000002d375a4 sp=0x000000000a9fe968 mode 2
Event: 2.140 Thread 0x0000000008bdb800 Uncommon trap: trap_request=0xffffffde fr.pc=0x0000000002dd3070
Event: 2.140 Thread 0x0000000008bdb800 DEOPT PACKING pc=0x0000000002dd3070 sp=0x000000000a9fe9c0
Event: 2.140 Thread 0x0000000008bdb800 DEOPT UNPACKING pc=0x0000000002d375a4 sp=0x000000000a9fe968 mode 2
Event: 2.140 Thread 0x0000000008bdb800 Uncommon trap: trap_request=0xffffffde fr.pc=0x0000000002dd3070
Event: 2.140 Thread 0x0000000008bdb800 DEOPT PACKING pc=0x0000000002dd3070 sp=0x000000000a9fe9c0
Event: 2.140 Thread 0x0000000008bdb800 DEOPT UNPACKING pc=0x0000000002d375a4 sp=0x000000000a9fe968 mode 2


Dynamic libraries:
0x00007ff70d790000 - 0x00007ff70d7c3000 	C:\Program Files\Java\jdk1.7.0_79\bin\java.exe
0x00007ff85cf00000 - 0x00007ff85d0ad000 	C:\Windows\SYSTEM32\ntdll.dll
0x00007ff85a650000 - 0x00007ff85a78e000 	C:\Windows\system32\KERNEL32.DLL
0x00007ff85a2e0000 - 0x00007ff85a3f5000 	C:\Windows\system32\KERNELBASE.dll
0x00007ff858c00000 - 0x00007ff858c8e000 	C:\Windows\system32\apphelp.dll
0x00007ff840060000 - 0x00007ff8400b3000 	C:\Windows\AppPatch\AppPatch64\AcGenral.DLL
0x00007ff85a5a0000 - 0x00007ff85a64a000 	C:\Windows\system32\msvcrt.dll
0x00007ff85a560000 - 0x00007ff85a58e000 	C:\Windows\system32\SspiCli.dll
0x00007ff85a790000 - 0x00007ff85a7e4000 	C:\Windows\system32\SHLWAPI.dll
0x00007ff85c7b0000 - 0x00007ff85c927000 	C:\Windows\system32\USER32.dll
0x00007ff85ca60000 - 0x00007ff85cbf4000 	C:\Windows\system32\ole32.dll
0x00007ff85ada0000 - 0x00007ff85c2c9000 	C:\Windows\system32\SHELL32.dll
0x00007ff859600000 - 0x00007ff859621000 	C:\Windows\SYSTEM32\USERENV.dll
0x00007ff85c4f0000 - 0x00007ff85c59a000 	C:\Windows\system32\ADVAPI32.dll
0x00007ff850940000 - 0x00007ff85095e000 	C:\Windows\SYSTEM32\MPR.dll
0x00007ff85aa50000 - 0x00007ff85ab90000 	C:\Windows\system32\RPCRT4.dll
0x00007ff85cea0000 - 0x00007ff85cef9000 	C:\Windows\SYSTEM32\sechost.dll
0x00007ff85c2d0000 - 0x00007ff85c4e1000 	C:\Windows\SYSTEM32\combase.dll
0x00007ff85c5a0000 - 0x00007ff85c6ef000 	C:\Windows\system32\GDI32.dll
0x00007ff85a030000 - 0x00007ff85a045000 	C:\Windows\SYSTEM32\profapi.dll
0x00007ff858840000 - 0x00007ff8588f2000 	C:\Windows\SYSTEM32\SHCORE.dll
0x00007ff85cdf0000 - 0x00007ff85ce26000 	C:\Windows\system32\IMM32.DLL
0x00007ff85a800000 - 0x00007ff85a952000 	C:\Windows\system32\MSCTF.dll
0x00007ff858130000 - 0x00007ff8583ab000 	C:\Windows\WinSxS\amd64_microsoft.windows.common-controls_6595b64144ccf1df_6.0.9600.18006_none_623f33d3ecbe86e8\COMCTL32.dll
0x0000000074e60000 - 0x0000000074f32000 	C:\Program Files\Java\jdk1.7.0_79\jre\bin\msvcr100.dll
0x0000000077720000 - 0x0000000077ef5000 	C:\Program Files\Java\jdk1.7.0_79\jre\bin\server\jvm.dll
0x00007ff857cc0000 - 0x00007ff857cc9000 	C:\Windows\SYSTEM32\WSOCK32.dll
0x00007ff857d10000 - 0x00007ff857d32000 	C:\Windows\SYSTEM32\WINMM.dll
0x00007ff85aa40000 - 0x00007ff85aa47000 	C:\Windows\system32\PSAPI.DLL
0x00007ff85ab90000 - 0x00007ff85abea000 	C:\Windows\system32\WS2_32.dll
0x00007ff857cd0000 - 0x00007ff857cfa000 	C:\Windows\SYSTEM32\WINMMBASE.dll
0x00007ff85cde0000 - 0x00007ff85cde9000 	C:\Windows\system32\NSI.dll
0x00007ff85a510000 - 0x00007ff85a55f000 	C:\Windows\SYSTEM32\cfgmgr32.dll
0x00007ff858e60000 - 0x00007ff858e88000 	C:\Windows\SYSTEM32\DEVOBJ.dll
0x0000000050560000 - 0x000000005056f000 	C:\Program Files\Java\jdk1.7.0_79\jre\bin\verify.dll
0x0000000050530000 - 0x0000000050558000 	C:\Program Files\Java\jdk1.7.0_79\jre\bin\java.dll
0x0000000077620000 - 0x0000000077635000 	C:\Program Files\Java\jdk1.7.0_79\jre\bin\zip.dll
0x0000000077600000 - 0x000000007761a000 	C:\Program Files\Java\jdk1.7.0_79\jre\bin\net.dll
0x00007ff859710000 - 0x00007ff859769000 	C:\Windows\system32\mswsock.dll
0x00000000775e0000 - 0x00000000775f1000 	C:\Program Files\Java\jdk1.7.0_79\jre\bin\nio.dll

VM Arguments:
jvm_args: -Djava.awt.headless=true -Xmx1024M -Dfile.encoding=windows-1252 -Duser.country=US -Duser.language=en -Duser.variant 
java_command: com.android.dx.command.Main --dex --force-jumbo --num-threads=4 --multi-dex --output C:\Users\Marce\AndroidStudioProjects\YararaConfigTool\app\build\intermediates\transforms\dex\debug\folders\1000\10\com.android.support-appcompat-v7-23.4.0_51911c485bb4d7a406f7d7890ea4fda7ae685001 C:\Users\Marce\AndroidStudioProjects\YararaConfigTool\app\build\intermediates\exploded-aar\com.android.support\appcompat-v7\23.4.0\jars\classes.jar
Launcher Type: SUN_STANDARD

Environment Variables:
PATH=C:\Windows\system32;C:\Windows;C:\Windows\System32\Wbem;C:\Windows\System32\WindowsPowerShell\v1.0\;C:\Program Files\Git\cmd
USERNAME=La Popa
OS=Windows_NT
PROCESSOR_IDENTIFIER=Intel64 Family 6 Model 60 Stepping 3, GenuineIntel



---------------  S Y S T E M  ---------------

OS: Windows 8.1 , 64 bit Build 9600 

CPU:total 4 (4 cores per cpu, 1 threads per core) family 6 model 60 stepping 3, cmov, cx8, fxsr, mmx, sse, sse2, sse3, ssse3, sse4.1, sse4.2, popcnt, avx, avx2, aes, erms, tsc, tscinvbit

Memory: 4k page, physical 7268200k(986372k free), swap 10413928k(5520k free)

vm_info: Java HotSpot(TM) 64-Bit Server VM (24.79-b02) for windows-amd64 JRE (1.7.0_79-b15), built on Apr 10 2015 12:36:16 by "java_re" with unknown MS VC++:1600

